{"C:\\Users\\SakshiDabral\\Desktop\\ai_kata_1_team1\\backend\\src\\data\\store.js": {"path":"C:\\Users\\SakshiDabral\\Desktop\\ai_kata_1_team1\\backend\\src\\data\\store.js","statementMap":{"0":{"start":{"line":6,"column":13},"end":{"line":79,"column":1}},"1":{"start":{"line":81,"column":0},"end":{"line":81,"column":22}}},"fnMap":{},"branchMap":{},"s":{"0":3,"1":3},"f":{},"b":{},"_coverageSchema":"1a1c01bbd47fc00a2c39e90264f33305004495a9","hash":"43e6839ff0de7b2c47766d912ae7b53b51ef0948"}
,"C:\\Users\\SakshiDabral\\Desktop\\ai_kata_1_team1\\backend\\src\\routes\\authRoutes.js": {"path":"C:\\Users\\SakshiDabral\\Desktop\\ai_kata_1_team1\\backend\\src\\routes\\authRoutes.js","statementMap":{"0":{"start":{"line":6,"column":16},"end":{"line":6,"column":34}},"1":{"start":{"line":7,"column":15},"end":{"line":7,"column":31}},"2":{"start":{"line":8,"column":13},"end":{"line":8,"column":37}},"3":{"start":{"line":14,"column":0},"end":{"line":35,"column":3}},"4":{"start":{"line":15,"column":33},"end":{"line":15,"column":41}},"5":{"start":{"line":17,"column":2},"end":{"line":19,"column":3}},"6":{"start":{"line":18,"column":4},"end":{"line":18,"column":81}},"7":{"start":{"line":21,"column":15},"end":{"line":23,"column":3}},"8":{"start":{"line":22,"column":9},"end":{"line":22,"column":59}},"9":{"start":{"line":25,"column":2},"end":{"line":27,"column":3}},"10":{"start":{"line":26,"column":4},"end":{"line":26,"column":66}},"11":{"start":{"line":30,"column":50},"end":{"line":30,"column":54}},"12":{"start":{"line":31,"column":2},"end":{"line":34,"column":5}},"13":{"start":{"line":41,"column":0},"end":{"line":44,"column":3}},"14":{"start":{"line":42,"column":32},"end":{"line":42,"column":79}},"15":{"start":{"line":42,"column":74},"end":{"line":42,"column":78}},"16":{"start":{"line":43,"column":2},"end":{"line":43,"column":34}},"17":{"start":{"line":46,"column":0},"end":{"line":46,"column":24}}},"fnMap":{"0":{"name":"(anonymous_0)","decl":{"start":{"line":14,"column":22},"end":{"line":14,"column":23}},"loc":{"start":{"line":14,"column":36},"end":{"line":35,"column":1}},"line":14},"1":{"name":"(anonymous_1)","decl":{"start":{"line":22,"column":4},"end":{"line":22,"column":5}},"loc":{"start":{"line":22,"column":9},"end":{"line":22,"column":59}},"line":22},"2":{"name":"(anonymous_2)","decl":{"start":{"line":41,"column":21},"end":{"line":41,"column":22}},"loc":{"start":{"line":41,"column":35},"end":{"line":44,"column":1}},"line":41},"3":{"name":"(anonymous_3)","decl":{"start":{"line":42,"column":47},"end":{"line":42,"column":48}},"loc":{"start":{"line":42,"column":74},"end":{"line":42,"column":78}},"line":42}},"branchMap":{"0":{"loc":{"start":{"line":17,"column":2},"end":{"line":19,"column":3}},"type":"if","locations":[{"start":{"line":17,"column":2},"end":{"line":19,"column":3}},{"start":{},"end":{}}],"line":17},"1":{"loc":{"start":{"line":17,"column":6},"end":{"line":17,"column":28}},"type":"binary-expr","locations":[{"start":{"line":17,"column":6},"end":{"line":17,"column":15}},{"start":{"line":17,"column":19},"end":{"line":17,"column":28}}],"line":17},"2":{"loc":{"start":{"line":22,"column":9},"end":{"line":22,"column":59}},"type":"binary-expr","locations":[{"start":{"line":22,"column":9},"end":{"line":22,"column":32}},{"start":{"line":22,"column":36},"end":{"line":22,"column":59}}],"line":22},"3":{"loc":{"start":{"line":25,"column":2},"end":{"line":27,"column":3}},"type":"if","locations":[{"start":{"line":25,"column":2},"end":{"line":27,"column":3}},{"start":{},"end":{}}],"line":25}},"s":{"0":1,"1":1,"2":1,"3":1,"4":7,"5":7,"6":3,"7":4,"8":9,"9":4,"10":2,"11":2,"12":2,"13":1,"14":2,"15":6,"16":2,"17":1},"f":{"0":7,"1":9,"2":2,"3":6},"b":{"0":[3,4],"1":[7,5],"2":[9,3],"3":[2,2]},"_coverageSchema":"1a1c01bbd47fc00a2c39e90264f33305004495a9","hash":"3779d46a10d51b81276e2fffeb071846cb56c097"}
,"C:\\Users\\SakshiDabral\\Desktop\\ai_kata_1_team1\\backend\\src\\routes\\inventoryRoutes.js": {"path":"C:\\Users\\SakshiDabral\\Desktop\\ai_kata_1_team1\\backend\\src\\routes\\inventoryRoutes.js","statementMap":{"0":{"start":{"line":6,"column":16},"end":{"line":6,"column":34}},"1":{"start":{"line":7,"column":15},"end":{"line":7,"column":31}},"2":{"start":{"line":8,"column":13},"end":{"line":8,"column":37}},"3":{"start":{"line":14,"column":0},"end":{"line":16,"column":3}},"4":{"start":{"line":15,"column":2},"end":{"line":15,"column":27}},"5":{"start":{"line":22,"column":0},"end":{"line":30,"column":3}},"6":{"start":{"line":23,"column":15},"end":{"line":23,"column":63}},"7":{"start":{"line":23,"column":40},"end":{"line":23,"column":62}},"8":{"start":{"line":25,"column":2},"end":{"line":27,"column":3}},"9":{"start":{"line":26,"column":4},"end":{"line":26,"column":61}},"10":{"start":{"line":29,"column":2},"end":{"line":29,"column":17}},"11":{"start":{"line":36,"column":0},"end":{"line":41,"column":3}},"12":{"start":{"line":37,"column":16},"end":{"line":39,"column":3}},"13":{"start":{"line":38,"column":9},"end":{"line":38,"column":71}},"14":{"start":{"line":40,"column":2},"end":{"line":40,"column":18}},"15":{"start":{"line":43,"column":0},"end":{"line":43,"column":24}}},"fnMap":{"0":{"name":"(anonymous_0)","decl":{"start":{"line":14,"column":16},"end":{"line":14,"column":17}},"loc":{"start":{"line":14,"column":30},"end":{"line":16,"column":1}},"line":14},"1":{"name":"(anonymous_1)","decl":{"start":{"line":22,"column":19},"end":{"line":22,"column":20}},"loc":{"start":{"line":22,"column":33},"end":{"line":30,"column":1}},"line":22},"2":{"name":"(anonymous_2)","decl":{"start":{"line":23,"column":35},"end":{"line":23,"column":36}},"loc":{"start":{"line":23,"column":40},"end":{"line":23,"column":62}},"line":23},"3":{"name":"(anonymous_3)","decl":{"start":{"line":36,"column":34},"end":{"line":36,"column":35}},"loc":{"start":{"line":36,"column":48},"end":{"line":41,"column":1}},"line":36},"4":{"name":"(anonymous_4)","decl":{"start":{"line":38,"column":4},"end":{"line":38,"column":5}},"loc":{"start":{"line":38,"column":9},"end":{"line":38,"column":71}},"line":38}},"branchMap":{"0":{"loc":{"start":{"line":25,"column":2},"end":{"line":27,"column":3}},"type":"if","locations":[{"start":{"line":25,"column":2},"end":{"line":27,"column":3}},{"start":{},"end":{}}],"line":25}},"s":{"0":1,"1":1,"2":1,"3":1,"4":4,"5":1,"6":2,"7":13,"8":2,"9":1,"10":1,"11":1,"12":4,"13":48,"14":4,"15":1},"f":{"0":4,"1":2,"2":13,"3":4,"4":48},"b":{"0":[1,1]},"_coverageSchema":"1a1c01bbd47fc00a2c39e90264f33305004495a9","hash":"e6eb2cb611485d781f3adc2f7ac15d8814b269dd"}
,"C:\\Users\\SakshiDabral\\Desktop\\ai_kata_1_team1\\backend\\src\\routes\\requestRoutes.js": {"path":"C:\\Users\\SakshiDabral\\Desktop\\ai_kata_1_team1\\backend\\src\\routes\\requestRoutes.js","statementMap":{"0":{"start":{"line":6,"column":16},"end":{"line":6,"column":34}},"1":{"start":{"line":7,"column":15},"end":{"line":7,"column":31}},"2":{"start":{"line":8,"column":23},"end":{"line":8,"column":38}},"3":{"start":{"line":9,"column":13},"end":{"line":9,"column":37}},"4":{"start":{"line":15,"column":0},"end":{"line":32,"column":3}},"5":{"start":{"line":16,"column":17},"end":{"line":16,"column":35}},"6":{"start":{"line":19,"column":2},"end":{"line":21,"column":3}},"7":{"start":{"line":20,"column":4},"end":{"line":20,"column":67}},"8":{"start":{"line":20,"column":36},"end":{"line":20,"column":65}},"9":{"start":{"line":24,"column":2},"end":{"line":26,"column":3}},"10":{"start":{"line":25,"column":4},"end":{"line":25,"column":75}},"11":{"start":{"line":25,"column":36},"end":{"line":25,"column":73}},"12":{"start":{"line":29,"column":2},"end":{"line":29,"column":73}},"13":{"start":{"line":29,"column":26},"end":{"line":29,"column":71}},"14":{"start":{"line":31,"column":2},"end":{"line":31,"column":21}},"15":{"start":{"line":38,"column":0},"end":{"line":46,"column":3}},"16":{"start":{"line":39,"column":18},"end":{"line":39,"column":65}},"17":{"start":{"line":39,"column":42},"end":{"line":39,"column":64}},"18":{"start":{"line":41,"column":2},"end":{"line":43,"column":3}},"19":{"start":{"line":42,"column":4},"end":{"line":42,"column":64}},"20":{"start":{"line":45,"column":2},"end":{"line":45,"column":20}},"21":{"start":{"line":52,"column":0},"end":{"line":96,"column":3}},"22":{"start":{"line":53,"column":52},"end":{"line":53,"column":60}},"23":{"start":{"line":56,"column":2},"end":{"line":60,"column":3}},"24":{"start":{"line":57,"column":4},"end":{"line":59,"column":7}},"25":{"start":{"line":62,"column":2},"end":{"line":64,"column":3}},"26":{"start":{"line":63,"column":4},"end":{"line":63,"column":78}},"27":{"start":{"line":67,"column":19},"end":{"line":67,"column":60}},"28":{"start":{"line":67,"column":40},"end":{"line":67,"column":59}},"29":{"start":{"line":68,"column":2},"end":{"line":70,"column":3}},"30":{"start":{"line":69,"column":4},"end":{"line":69,"column":65}},"31":{"start":{"line":73,"column":15},"end":{"line":73,"column":56}},"32":{"start":{"line":73,"column":40},"end":{"line":73,"column":55}},"33":{"start":{"line":74,"column":2},"end":{"line":76,"column":3}},"34":{"start":{"line":75,"column":4},"end":{"line":75,"column":71}},"35":{"start":{"line":79,"column":21},"end":{"line":92,"column":3}},"36":{"start":{"line":94,"column":2},"end":{"line":94,"column":33}},"37":{"start":{"line":95,"column":2},"end":{"line":95,"column":35}},"38":{"start":{"line":102,"column":0},"end":{"line":156,"column":3}},"39":{"start":{"line":103,"column":22},"end":{"line":103,"column":30}},"40":{"start":{"line":104,"column":20},"end":{"line":104,"column":33}},"41":{"start":{"line":107,"column":23},"end":{"line":107,"column":71}},"42":{"start":{"line":107,"column":52},"end":{"line":107,"column":70}},"43":{"start":{"line":108,"column":2},"end":{"line":110,"column":3}},"44":{"start":{"line":109,"column":4},"end":{"line":109,"column":64}},"45":{"start":{"line":112,"column":18},"end":{"line":112,"column":45}},"46":{"start":{"line":115,"column":2},"end":{"line":119,"column":3}},"47":{"start":{"line":116,"column":4},"end":{"line":118,"column":7}},"48":{"start":{"line":122,"column":16},"end":{"line":122,"column":76}},"49":{"start":{"line":122,"column":37},"end":{"line":122,"column":75}},"50":{"start":{"line":123,"column":2},"end":{"line":125,"column":3}},"51":{"start":{"line":124,"column":4},"end":{"line":124,"column":68}},"52":{"start":{"line":128,"column":20},"end":{"line":128,"column":74}},"53":{"start":{"line":128,"column":50},"end":{"line":128,"column":73}},"54":{"start":{"line":129,"column":2},"end":{"line":131,"column":3}},"55":{"start":{"line":130,"column":4},"end":{"line":130,"column":71}},"56":{"start":{"line":133,"column":15},"end":{"line":133,"column":40}},"57":{"start":{"line":134,"column":2},"end":{"line":138,"column":3}},"58":{"start":{"line":135,"column":4},"end":{"line":137,"column":7}},"59":{"start":{"line":141,"column":2},"end":{"line":141,"column":57}},"60":{"start":{"line":144,"column":2},"end":{"line":149,"column":4}},"61":{"start":{"line":151,"column":2},"end":{"line":155,"column":5}},"62":{"start":{"line":162,"column":0},"end":{"line":200,"column":3}},"63":{"start":{"line":163,"column":39},"end":{"line":163,"column":47}},"64":{"start":{"line":164,"column":20},"end":{"line":164,"column":33}},"65":{"start":{"line":167,"column":23},"end":{"line":167,"column":71}},"66":{"start":{"line":167,"column":52},"end":{"line":167,"column":70}},"67":{"start":{"line":168,"column":2},"end":{"line":170,"column":3}},"68":{"start":{"line":169,"column":4},"end":{"line":169,"column":64}},"69":{"start":{"line":172,"column":18},"end":{"line":172,"column":45}},"70":{"start":{"line":175,"column":2},"end":{"line":179,"column":3}},"71":{"start":{"line":176,"column":4},"end":{"line":178,"column":7}},"72":{"start":{"line":182,"column":16},"end":{"line":182,"column":76}},"73":{"start":{"line":182,"column":37},"end":{"line":182,"column":75}},"74":{"start":{"line":183,"column":2},"end":{"line":185,"column":3}},"75":{"start":{"line":184,"column":4},"end":{"line":184,"column":68}},"76":{"start":{"line":188,"column":2},"end":{"line":194,"column":4}},"77":{"start":{"line":196,"column":2},"end":{"line":199,"column":5}},"78":{"start":{"line":202,"column":0},"end":{"line":202,"column":24}}},"fnMap":{"0":{"name":"(anonymous_0)","decl":{"start":{"line":15,"column":16},"end":{"line":15,"column":17}},"loc":{"start":{"line":15,"column":30},"end":{"line":32,"column":1}},"line":15},"1":{"name":"(anonymous_1)","decl":{"start":{"line":20,"column":31},"end":{"line":20,"column":32}},"loc":{"start":{"line":20,"column":36},"end":{"line":20,"column":65}},"line":20},"2":{"name":"(anonymous_2)","decl":{"start":{"line":25,"column":31},"end":{"line":25,"column":32}},"loc":{"start":{"line":25,"column":36},"end":{"line":25,"column":73}},"line":25},"3":{"name":"(anonymous_3)","decl":{"start":{"line":29,"column":16},"end":{"line":29,"column":17}},"loc":{"start":{"line":29,"column":26},"end":{"line":29,"column":71}},"line":29},"4":{"name":"(anonymous_4)","decl":{"start":{"line":38,"column":19},"end":{"line":38,"column":20}},"loc":{"start":{"line":38,"column":33},"end":{"line":46,"column":1}},"line":38},"5":{"name":"(anonymous_5)","decl":{"start":{"line":39,"column":37},"end":{"line":39,"column":38}},"loc":{"start":{"line":39,"column":42},"end":{"line":39,"column":64}},"line":39},"6":{"name":"(anonymous_6)","decl":{"start":{"line":52,"column":17},"end":{"line":52,"column":18}},"loc":{"start":{"line":52,"column":31},"end":{"line":96,"column":1}},"line":52},"7":{"name":"(anonymous_7)","decl":{"start":{"line":67,"column":35},"end":{"line":67,"column":36}},"loc":{"start":{"line":67,"column":40},"end":{"line":67,"column":59}},"line":67},"8":{"name":"(anonymous_8)","decl":{"start":{"line":73,"column":35},"end":{"line":73,"column":36}},"loc":{"start":{"line":73,"column":40},"end":{"line":73,"column":55}},"line":73},"9":{"name":"(anonymous_9)","decl":{"start":{"line":102,"column":27},"end":{"line":102,"column":28}},"loc":{"start":{"line":102,"column":41},"end":{"line":156,"column":1}},"line":102},"10":{"name":"(anonymous_10)","decl":{"start":{"line":107,"column":47},"end":{"line":107,"column":48}},"loc":{"start":{"line":107,"column":52},"end":{"line":107,"column":70}},"line":107},"11":{"name":"(anonymous_11)","decl":{"start":{"line":122,"column":32},"end":{"line":122,"column":33}},"loc":{"start":{"line":122,"column":37},"end":{"line":122,"column":75}},"line":122},"12":{"name":"(anonymous_12)","decl":{"start":{"line":128,"column":45},"end":{"line":128,"column":46}},"loc":{"start":{"line":128,"column":50},"end":{"line":128,"column":73}},"line":128},"13":{"name":"(anonymous_13)","decl":{"start":{"line":162,"column":26},"end":{"line":162,"column":27}},"loc":{"start":{"line":162,"column":40},"end":{"line":200,"column":1}},"line":162},"14":{"name":"(anonymous_14)","decl":{"start":{"line":167,"column":47},"end":{"line":167,"column":48}},"loc":{"start":{"line":167,"column":52},"end":{"line":167,"column":70}},"line":167},"15":{"name":"(anonymous_15)","decl":{"start":{"line":182,"column":32},"end":{"line":182,"column":33}},"loc":{"start":{"line":182,"column":37},"end":{"line":182,"column":75}},"line":182}},"branchMap":{"0":{"loc":{"start":{"line":19,"column":2},"end":{"line":21,"column":3}},"type":"if","locations":[{"start":{"line":19,"column":2},"end":{"line":21,"column":3}},{"start":{},"end":{}}],"line":19},"1":{"loc":{"start":{"line":24,"column":2},"end":{"line":26,"column":3}},"type":"if","locations":[{"start":{"line":24,"column":2},"end":{"line":26,"column":3}},{"start":{},"end":{}}],"line":24},"2":{"loc":{"start":{"line":41,"column":2},"end":{"line":43,"column":3}},"type":"if","locations":[{"start":{"line":41,"column":2},"end":{"line":43,"column":3}},{"start":{},"end":{}}],"line":41},"3":{"loc":{"start":{"line":56,"column":2},"end":{"line":60,"column":3}},"type":"if","locations":[{"start":{"line":56,"column":2},"end":{"line":60,"column":3}},{"start":{},"end":{}}],"line":56},"4":{"loc":{"start":{"line":56,"column":6},"end":{"line":56,"column":41}},"type":"binary-expr","locations":[{"start":{"line":56,"column":6},"end":{"line":56,"column":17}},{"start":{"line":56,"column":21},"end":{"line":56,"column":28}},{"start":{"line":56,"column":32},"end":{"line":56,"column":41}}],"line":56},"5":{"loc":{"start":{"line":62,"column":2},"end":{"line":64,"column":3}},"type":"if","locations":[{"start":{"line":62,"column":2},"end":{"line":64,"column":3}},{"start":{},"end":{}}],"line":62},"6":{"loc":{"start":{"line":68,"column":2},"end":{"line":70,"column":3}},"type":"if","locations":[{"start":{"line":68,"column":2},"end":{"line":70,"column":3}},{"start":{},"end":{}}],"line":68},"7":{"loc":{"start":{"line":74,"column":2},"end":{"line":76,"column":3}},"type":"if","locations":[{"start":{"line":74,"column":2},"end":{"line":76,"column":3}},{"start":{},"end":{}}],"line":74},"8":{"loc":{"start":{"line":86,"column":13},"end":{"line":86,"column":26}},"type":"binary-expr","locations":[{"start":{"line":86,"column":13},"end":{"line":86,"column":20}},{"start":{"line":86,"column":24},"end":{"line":86,"column":26}}],"line":86},"9":{"loc":{"start":{"line":108,"column":2},"end":{"line":110,"column":3}},"type":"if","locations":[{"start":{"line":108,"column":2},"end":{"line":110,"column":3}},{"start":{},"end":{}}],"line":108},"10":{"loc":{"start":{"line":115,"column":2},"end":{"line":119,"column":3}},"type":"if","locations":[{"start":{"line":115,"column":2},"end":{"line":119,"column":3}},{"start":{},"end":{}}],"line":115},"11":{"loc":{"start":{"line":122,"column":37},"end":{"line":122,"column":75}},"type":"binary-expr","locations":[{"start":{"line":122,"column":37},"end":{"line":122,"column":53}},{"start":{"line":122,"column":57},"end":{"line":122,"column":75}}],"line":122},"12":{"loc":{"start":{"line":123,"column":2},"end":{"line":125,"column":3}},"type":"if","locations":[{"start":{"line":123,"column":2},"end":{"line":125,"column":3}},{"start":{},"end":{}}],"line":123},"13":{"loc":{"start":{"line":129,"column":2},"end":{"line":131,"column":3}},"type":"if","locations":[{"start":{"line":129,"column":2},"end":{"line":131,"column":3}},{"start":{},"end":{}}],"line":129},"14":{"loc":{"start":{"line":134,"column":2},"end":{"line":138,"column":3}},"type":"if","locations":[{"start":{"line":134,"column":2},"end":{"line":138,"column":3}},{"start":{},"end":{}}],"line":134},"15":{"loc":{"start":{"line":168,"column":2},"end":{"line":170,"column":3}},"type":"if","locations":[{"start":{"line":168,"column":2},"end":{"line":170,"column":3}},{"start":{},"end":{}}],"line":168},"16":{"loc":{"start":{"line":175,"column":2},"end":{"line":179,"column":3}},"type":"if","locations":[{"start":{"line":175,"column":2},"end":{"line":179,"column":3}},{"start":{},"end":{}}],"line":175},"17":{"loc":{"start":{"line":182,"column":37},"end":{"line":182,"column":75}},"type":"binary-expr","locations":[{"start":{"line":182,"column":37},"end":{"line":182,"column":53}},{"start":{"line":182,"column":57},"end":{"line":182,"column":75}}],"line":182},"18":{"loc":{"start":{"line":183,"column":2},"end":{"line":185,"column":3}},"type":"if","locations":[{"start":{"line":183,"column":2},"end":{"line":185,"column":3}},{"start":{},"end":{}}],"line":183},"19":{"loc":{"start":{"line":193,"column":21},"end":{"line":193,"column":60}},"type":"binary-expr","locations":[{"start":{"line":193,"column":21},"end":{"line":193,"column":36}},{"start":{"line":193,"column":40},"end":{"line":193,"column":60}}],"line":193}},"s":{"0":1,"1":1,"2":1,"3":1,"4":1,"5":4,"6":4,"7":1,"8":2,"9":4,"10":1,"11":2,"12":4,"13":2,"14":4,"15":1,"16":2,"17":3,"18":2,"19":1,"20":1,"21":1,"22":16,"23":16,"24":3,"25":13,"26":1,"27":12,"28":25,"29":12,"30":1,"31":11,"32":27,"33":11,"34":1,"35":10,"36":10,"37":10,"38":1,"39":4,"40":4,"41":4,"42":26,"43":4,"44":1,"45":3,"46":3,"47":0,"48":3,"49":5,"50":3,"51":1,"52":2,"53":2,"54":2,"55":0,"56":2,"57":2,"58":0,"59":2,"60":2,"61":2,"62":1,"63":4,"64":4,"65":4,"66":42,"67":4,"68":1,"69":3,"70":3,"71":0,"72":3,"73":5,"74":3,"75":1,"76":2,"77":2,"78":1},"f":{"0":4,"1":2,"2":2,"3":2,"4":2,"5":3,"6":16,"7":25,"8":27,"9":4,"10":26,"11":5,"12":2,"13":4,"14":42,"15":5},"b":{"0":[1,3],"1":[1,3],"2":[1,1],"3":[3,13],"4":[16,15,14],"5":[1,12],"6":[1,11],"7":[1,10],"8":[10,9],"9":[1,3],"10":[0,3],"11":[5,3],"12":[1,2],"13":[0,2],"14":[0,2],"15":[1,3],"16":[0,3],"17":[5,3],"18":[1,2],"19":[2,1]},"_coverageSchema":"1a1c01bbd47fc00a2c39e90264f33305004495a9","hash":"caac0a51fa685cae1ab1ef13190fc5f67015c28d"}
}
