TN:
SF:src\data\store.js
FNF:0
FNH:0
DA:6,3
DA:81,3
LF:2
LH:2
BRF:0
BRH:0
end_of_record
TN:
SF:src\routes\authRoutes.js
FN:14,(anonymous_0)
FN:22,(anonymous_1)
FN:41,(anonymous_2)
FN:42,(anonymous_3)
FNF:4
FNH:4
FNDA:7,(anonymous_0)
FNDA:9,(anonymous_1)
FNDA:2,(anonymous_2)
FNDA:6,(anonymous_3)
DA:6,1
DA:7,1
DA:8,1
DA:14,1
DA:15,7
DA:17,7
DA:18,3
DA:21,4
DA:22,9
DA:25,4
DA:26,2
DA:30,2
DA:31,2
DA:41,1
DA:42,6
DA:43,2
DA:46,1
LF:17
LH:17
BRDA:17,0,0,3
BRDA:17,0,1,4
BRDA:17,1,0,7
BRDA:17,1,1,5
BRDA:22,2,0,9
BRDA:22,2,1,3
BRDA:25,3,0,2
BRDA:25,3,1,2
BRF:8
BRH:8
end_of_record
TN:
SF:src\routes\inventoryRoutes.js
FN:14,(anonymous_0)
FN:22,(anonymous_1)
FN:23,(anonymous_2)
FN:36,(anonymous_3)
FN:38,(anonymous_4)
FNF:5
FNH:5
FNDA:4,(anonymous_0)
FNDA:2,(anonymous_1)
FNDA:13,(anonymous_2)
FNDA:4,(anonymous_3)
FNDA:48,(anonymous_4)
DA:6,1
DA:7,1
DA:8,1
DA:14,1
DA:15,4
DA:22,1
DA:23,13
DA:25,2
DA:26,1
DA:29,1
DA:36,1
DA:37,4
DA:38,48
DA:40,4
DA:43,1
LF:15
LH:15
BRDA:25,0,0,1
BRDA:25,0,1,1
BRF:2
BRH:2
end_of_record
TN:
SF:src\routes\requestRoutes.js
FN:15,(anonymous_0)
FN:20,(anonymous_1)
FN:25,(anonymous_2)
FN:29,(anonymous_3)
FN:38,(anonymous_4)
FN:39,(anonymous_5)
FN:52,(anonymous_6)
FN:67,(anonymous_7)
FN:73,(anonymous_8)
FN:102,(anonymous_9)
FN:107,(anonymous_10)
FN:122,(anonymous_11)
FN:128,(anonymous_12)
FN:162,(anonymous_13)
FN:167,(anonymous_14)
FN:182,(anonymous_15)
FNF:16
FNH:16
FNDA:4,(anonymous_0)
FNDA:2,(anonymous_1)
FNDA:2,(anonymous_2)
FNDA:2,(anonymous_3)
FNDA:2,(anonymous_4)
FNDA:3,(anonymous_5)
FNDA:16,(anonymous_6)
FNDA:25,(anonymous_7)
FNDA:27,(anonymous_8)
FNDA:4,(anonymous_9)
FNDA:26,(anonymous_10)
FNDA:5,(anonymous_11)
FNDA:2,(anonymous_12)
FNDA:4,(anonymous_13)
FNDA:42,(anonymous_14)
FNDA:5,(anonymous_15)
DA:6,1
DA:7,1
DA:8,1
DA:9,1
DA:15,1
DA:16,4
DA:19,4
DA:20,2
DA:24,4
DA:25,2
DA:29,4
DA:31,4
DA:38,1
DA:39,3
DA:41,2
DA:42,1
DA:45,1
DA:52,1
DA:53,16
DA:56,16
DA:57,3
DA:62,13
DA:63,1
DA:67,25
DA:68,12
DA:69,1
DA:73,27
DA:74,11
DA:75,1
DA:79,10
DA:94,10
DA:95,10
DA:102,1
DA:103,4
DA:104,4
DA:107,26
DA:108,4
DA:109,1
DA:112,3
DA:115,3
DA:116,0
DA:122,5
DA:123,3
DA:124,1
DA:128,2
DA:129,2
DA:130,0
DA:133,2
DA:134,2
DA:135,0
DA:141,2
DA:144,2
DA:151,2
DA:162,1
DA:163,4
DA:164,4
DA:167,42
DA:168,4
DA:169,1
DA:172,3
DA:175,3
DA:176,0
DA:182,5
DA:183,3
DA:184,1
DA:188,2
DA:196,2
DA:202,1
LF:68
LH:64
BRDA:19,0,0,1
BRDA:19,0,1,3
BRDA:24,1,0,1
BRDA:24,1,1,3
BRDA:41,2,0,1
BRDA:41,2,1,1
BRDA:56,3,0,3
BRDA:56,3,1,13
BRDA:56,4,0,16
BRDA:56,4,1,15
BRDA:56,4,2,14
BRDA:62,5,0,1
BRDA:62,5,1,12
BRDA:68,6,0,1
BRDA:68,6,1,11
BRDA:74,7,0,1
BRDA:74,7,1,10
BRDA:86,8,0,10
BRDA:86,8,1,9
BRDA:108,9,0,1
BRDA:108,9,1,3
BRDA:115,10,0,0
BRDA:115,10,1,3
BRDA:122,11,0,5
BRDA:122,11,1,3
BRDA:123,12,0,1
BRDA:123,12,1,2
BRDA:129,13,0,0
BRDA:129,13,1,2
BRDA:134,14,0,0
BRDA:134,14,1,2
BRDA:168,15,0,1
BRDA:168,15,1,3
BRDA:175,16,0,0
BRDA:175,16,1,3
BRDA:182,17,0,5
BRDA:182,17,1,3
BRDA:183,18,0,1
BRDA:183,18,1,2
BRDA:193,19,0,2
BRDA:193,19,1,1
BRF:41
BRH:37
end_of_record
